<?xml version="1.0" encoding="UTF-8"?>
<testng-results skipped="0" failed="1" ignored="0" total="4" passed="3">
  <reporter-output>
  </reporter-output>
  <suite name="weather-comparison suite" duration-ms="66303" started-at="2020-12-31T07:13:06Z" finished-at="2020-12-31T07:14:12Z">
    <groups>
    </groups>
    <test name="weather-ui-api-test" duration-ms="66303" started-at="2020-12-31T07:13:06Z" finished-at="2020-12-31T07:14:12Z">
      <class name="com.weather.tests.WeatherComparatorTestCombined">
        <test-method status="PASS" signature="beforeSuite()[pri:0, instance:com.weather.tests.WeatherComparatorTestCombined@cb51256]" name="beforeSuite" is-config="true" duration-ms="12" started-at="2020-12-31T07:13:06Z" finished-at="2020-12-31T07:13:06Z">
          <reporter-output>
          </reporter-output>
        </test-method> <!-- beforeSuite -->
        <test-method status="PASS" signature="setUp(java.lang.String)[pri:0, instance:com.weather.tests.WeatherComparatorTestCombined@cb51256]" name="setUp" is-config="true" duration-ms="4531" started-at="2020-12-31T07:13:06Z" finished-at="2020-12-31T07:13:11Z">
          <params>
            <param index="0">
              <value>
                <![CDATA[chrome]]>
              </value>
            </param>
          </params>
          <reporter-output>
          </reporter-output>
        </test-method> <!-- setUp -->
        <test-method status="PASS" signature="registrationPage()[pri:0, instance:com.weather.tests.WeatherComparatorTestCombined@cb51256]" name="registrationPage" duration-ms="57472" started-at="2020-12-31T07:13:11Z" finished-at="2020-12-31T07:14:08Z">
          <reporter-output>
          </reporter-output>
        </test-method> <!-- registrationPage -->
        <test-method status="PASS" signature="weatherApiTest()[pri:0, instance:com.weather.tests.WeatherComparatorTestCombined@cb51256]" name="weatherApiTest" duration-ms="2777" started-at="2020-12-31T07:14:08Z" finished-at="2020-12-31T07:14:11Z">
          <reporter-output>
          </reporter-output>
        </test-method> <!-- weatherApiTest -->
        <test-method status="PASS" signature="comparatorTest()[pri:0, instance:com.weather.tests.WeatherComparatorTestCombined@cb51256]" name="comparatorTest" duration-ms="1" started-at="2020-12-31T07:14:11Z" depends-on-methods="com.weather.tests.WeatherComparatorTestCombined.weatherApiTest" finished-at="2020-12-31T07:14:11Z">
          <reporter-output>
          </reporter-output>
        </test-method> <!-- comparatorTest -->
        <test-method status="FAIL" signature="configureDataCheck()[pri:0, instance:com.weather.tests.WeatherComparatorTestCombined@cb51256]" name="configureDataCheck" duration-ms="2" started-at="2020-12-31T07:14:11Z" depends-on-methods="com.weather.tests.WeatherComparatorTestCombined.comparatorTest" finished-at="2020-12-31T07:14:11Z">
          <exception class="java.lang.AssertionError">
            <message>
              <![CDATA[The temperature difference is more so the testcase is failed]]>
            </message>
            <full-stacktrace>
              <![CDATA[java.lang.AssertionError: The temperature difference is more so the testcase is failed
at org.testng.Assert.fail(Assert.java:96)
at com.weather.tests.WeatherComparatorTestCombined.configureDataCheck(WeatherComparatorTestCombined.java:142)
at sun.reflect.NativeMethodAccessorImpl.invoke0(Native Method)
at sun.reflect.NativeMethodAccessorImpl.invoke(NativeMethodAccessorImpl.java:62)
at sun.reflect.DelegatingMethodAccessorImpl.invoke(DelegatingMethodAccessorImpl.java:43)
at java.lang.reflect.Method.invoke(Method.java:498)
at org.testng.internal.MethodInvocationHelper.invokeMethod(MethodInvocationHelper.java:124)
at org.testng.internal.Invoker.invokeMethod(Invoker.java:583)
at org.testng.internal.Invoker.invokeTestMethod(Invoker.java:719)
at org.testng.internal.Invoker.invokeTestMethods(Invoker.java:989)
at org.testng.internal.TestMethodWorker.invokeTestMethods(TestMethodWorker.java:125)
at org.testng.internal.TestMethodWorker.run(TestMethodWorker.java:109)
at org.testng.TestRunner.privateRun(TestRunner.java:648)
at org.testng.TestRunner.run(TestRunner.java:505)
at org.testng.SuiteRunner.runTest(SuiteRunner.java:455)
at org.testng.SuiteRunner.runSequentially(SuiteRunner.java:450)
at org.testng.SuiteRunner.privateRun(SuiteRunner.java:415)
at org.testng.SuiteRunner.run(SuiteRunner.java:364)
at org.testng.SuiteRunnerWorker.runSuite(SuiteRunnerWorker.java:52)
at org.testng.SuiteRunnerWorker.run(SuiteRunnerWorker.java:84)
at org.testng.TestNG.runSuitesSequentially(TestNG.java:1208)
at org.testng.TestNG.runSuitesLocally(TestNG.java:1137)
at org.testng.TestNG.runSuites(TestNG.java:1049)
at org.testng.TestNG.run(TestNG.java:1017)
at org.apache.maven.surefire.testng.TestNGExecutor.run(TestNGExecutor.java:283)
at org.apache.maven.surefire.testng.TestNGXmlTestSuite.execute(TestNGXmlTestSuite.java:75)
at org.apache.maven.surefire.testng.TestNGProvider.invoke(TestNGProvider.java:120)
at org.apache.maven.surefire.booter.ForkedBooter.invokeProviderInSameClassLoader(ForkedBooter.java:384)
at org.apache.maven.surefire.booter.ForkedBooter.runSuitesInProcess(ForkedBooter.java:345)
at org.apache.maven.surefire.booter.ForkedBooter.execute(ForkedBooter.java:126)
at org.apache.maven.surefire.booter.ForkedBooter.main(ForkedBooter.java:418)
]]>
            </full-stacktrace>
          </exception> <!-- java.lang.AssertionError -->
          <reporter-output>
          </reporter-output>
        </test-method> <!-- configureDataCheck -->
        <test-method status="PASS" signature="quitDriver()[pri:0, instance:com.weather.tests.WeatherComparatorTestCombined@cb51256]" name="quitDriver" is-config="true" duration-ms="1470" started-at="2020-12-31T07:14:11Z" finished-at="2020-12-31T07:14:12Z">
          <reporter-output>
          </reporter-output>
        </test-method> <!-- quitDriver -->
      </class> <!-- com.weather.tests.WeatherComparatorTestCombined -->
    </test> <!-- weather-ui-api-test -->
  </suite> <!-- weather-comparison suite -->
</testng-results>
